[2020-03-27 19:41:16] Текст ошибки: Нет соединения с БД | Файл: E:\Software\OpenServer\OSPanel\domains\ishop2.loc\vendor\amir\core\Db.php | Строка: 17
=================
[2020-03-27 20:19:17] Текст ошибки: Страница не найдена | Файл: E:\Software\OpenServer\OSPanel\domains\ishop2.loc\vendor\amir\core\Router.php | Строка: 50
=================
[2020-04-12 15:27:48] Текст ошибки: Страница не найдена | Файл: E:\Software\OpenServer\OSPanel\domains\project.io\vendor\amir\core\Router.php | Строка: 50
=================
[2020-04-12 16:36:56] Текст ошибки: Страница не найдена | Файл: E:\Software\OpenServer\OSPanel\domains\project.io\vendor\amir\core\Router.php | Строка: 50
=================
[2020-04-12 16:36:56] Текст ошибки: Страница не найдена | Файл: E:\Software\OpenServer\OSPanel\domains\project.io\vendor\amir\core\Router.php | Строка: 50
=================
[2020-04-12 16:36:56] Текст ошибки: Страница не найдена | Файл: E:\Software\OpenServer\OSPanel\domains\project.io\vendor\amir\core\Router.php | Строка: 50
=================
[2020-04-12 16:36:56] Текст ошибки: Страница не найдена | Файл: E:\Software\OpenServer\OSPanel\domains\project.io\vendor\amir\core\Router.php | Строка: 50
=================
[2020-04-12 16:36:56] Текст ошибки: Страница не найдена | Файл: E:\Software\OpenServer\OSPanel\domains\project.io\vendor\amir\core\Router.php | Строка: 50
=================
[2020-04-12 16:36:56] Текст ошибки: Страница не найдена | Файл: E:\Software\OpenServer\OSPanel\domains\project.io\vendor\amir\core\Router.php | Строка: 50
=================
[2020-04-12 16:36:56] Текст ошибки: Страница не найдена | Файл: E:\Software\OpenServer\OSPanel\domains\project.io\vendor\amir\core\Router.php | Строка: 50
=================
[2020-04-12 16:36:56] Текст ошибки: Страница не найдена | Файл: E:\Software\OpenServer\OSPanel\domains\project.io\vendor\amir\core\Router.php | Строка: 50
=================
[2020-04-12 16:36:56] Текст ошибки: Страница не найдена | Файл: E:\Software\OpenServer\OSPanel\domains\project.io\vendor\amir\core\Router.php | Строка: 50
=================
[2020-04-12 16:36:56] Текст ошибки: Страница не найдена | Файл: E:\Software\OpenServer\OSPanel\domains\project.io\vendor\amir\core\Router.php | Строка: 50
=================
[2020-04-12 16:36:56] Текст ошибки: Страница не найдена | Файл: E:\Software\OpenServer\OSPanel\domains\project.io\vendor\amir\core\Router.php | Строка: 50
=================
[2020-04-12 16:36:56] Текст ошибки: Страница не найдена | Файл: E:\Software\OpenServer\OSPanel\domains\project.io\vendor\amir\core\Router.php | Строка: 50
=================
[2020-04-12 16:36:56] Текст ошибки: Страница не найдена | Файл: E:\Software\OpenServer\OSPanel\domains\project.io\vendor\amir\core\Router.php | Строка: 50
=================
[2020-04-12 16:36:56] Текст ошибки: Страница не найдена | Файл: E:\Software\OpenServer\OSPanel\domains\project.io\vendor\amir\core\Router.php | Строка: 50
=================
[2020-04-12 16:36:56] Текст ошибки: Страница не найдена | Файл: E:\Software\OpenServer\OSPanel\domains\project.io\vendor\amir\core\Router.php | Строка: 50
=================
[2020-04-12 16:36:56] Текст ошибки: Страница не найдена | Файл: E:\Software\OpenServer\OSPanel\domains\project.io\vendor\amir\core\Router.php | Строка: 50
=================
[2020-04-12 16:36:56] Текст ошибки: Страница не найдена | Файл: E:\Software\OpenServer\OSPanel\domains\project.io\vendor\amir\core\Router.php | Строка: 50
=================
[2020-04-12 16:36:56] Текст ошибки: Страница не найдена | Файл: E:\Software\OpenServer\OSPanel\domains\project.io\vendor\amir\core\Router.php | Строка: 50
=================
[2020-04-12 16:36:56] Текст ошибки: Страница не найдена | Файл: E:\Software\OpenServer\OSPanel\domains\project.io\vendor\amir\core\Router.php | Строка: 50
=================
[2020-04-12 16:36:56] Текст ошибки: Страница не найдена | Файл: E:\Software\OpenServer\OSPanel\domains\project.io\vendor\amir\core\Router.php | Строка: 50
=================
[2020-04-12 16:36:56] Текст ошибки: Страница не найдена | Файл: E:\Software\OpenServer\OSPanel\domains\project.io\vendor\amir\core\Router.php | Строка: 50
=================
[2020-04-12 16:36:56] Текст ошибки: Страница не найдена | Файл: E:\Software\OpenServer\OSPanel\domains\project.io\vendor\amir\core\Router.php | Строка: 50
=================
[2020-04-12 16:36:56] Текст ошибки: Страница не найдена | Файл: E:\Software\OpenServer\OSPanel\domains\project.io\vendor\amir\core\Router.php | Строка: 50
=================
[2020-04-12 16:36:56] Текст ошибки: Страница не найдена | Файл: E:\Software\OpenServer\OSPanel\domains\project.io\vendor\amir\core\Router.php | Строка: 50
=================
[2020-04-12 16:36:56] Текст ошибки: Страница не найдена | Файл: E:\Software\OpenServer\OSPanel\domains\project.io\vendor\amir\core\Router.php | Строка: 50
=================
[2020-04-12 16:36:56] Текст ошибки: Страница не найдена | Файл: E:\Software\OpenServer\OSPanel\domains\project.io\vendor\amir\core\Router.php | Строка: 50
=================
[2020-04-12 16:36:56] Текст ошибки: Страница не найдена | Файл: E:\Software\OpenServer\OSPanel\domains\project.io\vendor\amir\core\Router.php | Строка: 50
=================
[2020-04-12 16:36:56] Текст ошибки: Страница не найдена | Файл: E:\Software\OpenServer\OSPanel\domains\project.io\vendor\amir\core\Router.php | Строка: 50
=================
[2020-04-12 16:36:56] Текст ошибки: Страница не найдена | Файл: E:\Software\OpenServer\OSPanel\domains\project.io\vendor\amir\core\Router.php | Строка: 50
=================
[2020-04-12 16:36:56] Текст ошибки: Страница не найдена | Файл: E:\Software\OpenServer\OSPanel\domains\project.io\vendor\amir\core\Router.php | Строка: 50
=================
[2020-04-12 16:36:56] Текст ошибки: Страница не найдена | Файл: E:\Software\OpenServer\OSPanel\domains\project.io\vendor\amir\core\Router.php | Строка: 50
=================
[2020-04-12 16:36:56] Текст ошибки: Страница не найдена | Файл: E:\Software\OpenServer\OSPanel\domains\project.io\vendor\amir\core\Router.php | Строка: 50
=================
[2020-04-12 16:36:56] Текст ошибки: Страница не найдена | Файл: E:\Software\OpenServer\OSPanel\domains\project.io\vendor\amir\core\Router.php | Строка: 50
=================
[2020-04-12 16:36:56] Текст ошибки: Страница не найдена | Файл: E:\Software\OpenServer\OSPanel\domains\project.io\vendor\amir\core\Router.php | Строка: 50
=================
[2020-04-12 16:36:56] Текст ошибки: Страница не найдена | Файл: E:\Software\OpenServer\OSPanel\domains\project.io\vendor\amir\core\Router.php | Строка: 50
=================
[2020-04-12 16:36:56] Текст ошибки: Страница не найдена | Файл: E:\Software\OpenServer\OSPanel\domains\project.io\vendor\amir\core\Router.php | Строка: 50
=================
[2020-04-12 16:36:56] Текст ошибки: Страница не найдена | Файл: E:\Software\OpenServer\OSPanel\domains\project.io\vendor\amir\core\Router.php | Строка: 50
=================
[2020-04-12 16:36:56] Текст ошибки: Страница не найдена | Файл: E:\Software\OpenServer\OSPanel\domains\project.io\vendor\amir\core\Router.php | Строка: 50
=================
[2020-04-12 16:36:56] Текст ошибки: Страница не найдена | Файл: E:\Software\OpenServer\OSPanel\domains\project.io\vendor\amir\core\Router.php | Строка: 50
=================
[2020-04-12 16:36:56] Текст ошибки: Страница не найдена | Файл: E:\Software\OpenServer\OSPanel\domains\project.io\vendor\amir\core\Router.php | Строка: 50
=================
[2020-04-12 16:36:56] Текст ошибки: Страница не найдена | Файл: E:\Software\OpenServer\OSPanel\domains\project.io\vendor\amir\core\Router.php | Строка: 50
=================
[2020-04-12 16:36:56] Текст ошибки: Страница не найдена | Файл: E:\Software\OpenServer\OSPanel\domains\project.io\vendor\amir\core\Router.php | Строка: 50
=================
[2020-04-12 16:36:56] Текст ошибки: Страница не найдена | Файл: E:\Software\OpenServer\OSPanel\domains\project.io\vendor\amir\core\Router.php | Строка: 50
=================
[2020-04-12 16:36:56] Текст ошибки: Страница не найдена | Файл: E:\Software\OpenServer\OSPanel\domains\project.io\vendor\amir\core\Router.php | Строка: 50
=================
[2020-04-12 16:36:56] Текст ошибки: Страница не найдена | Файл: E:\Software\OpenServer\OSPanel\domains\project.io\vendor\amir\core\Router.php | Строка: 50
=================
[2020-04-12 16:38:57] Текст ошибки: Страница не найдена | Файл: E:\Software\OpenServer\OSPanel\domains\project.io\vendor\amir\core\Router.php | Строка: 50
=================
[2020-04-12 16:38:57] Текст ошибки: Страница не найдена | Файл: E:\Software\OpenServer\OSPanel\domains\project.io\vendor\amir\core\Router.php | Строка: 50
=================
[2020-04-12 16:38:57] Текст ошибки: Страница не найдена | Файл: E:\Software\OpenServer\OSPanel\domains\project.io\vendor\amir\core\Router.php | Строка: 50
=================
[2020-04-12 16:38:57] Текст ошибки: Страница не найдена | Файл: E:\Software\OpenServer\OSPanel\domains\project.io\vendor\amir\core\Router.php | Строка: 50
=================
[2020-04-12 16:38:57] Текст ошибки: Страница не найдена | Файл: E:\Software\OpenServer\OSPanel\domains\project.io\vendor\amir\core\Router.php | Строка: 50
=================
[2020-04-12 16:38:57] Текст ошибки: Страница не найдена | Файл: E:\Software\OpenServer\OSPanel\domains\project.io\vendor\amir\core\Router.php | Строка: 50
=================
[2020-04-12 16:38:57] Текст ошибки: Страница не найдена | Файл: E:\Software\OpenServer\OSPanel\domains\project.io\vendor\amir\core\Router.php | Строка: 50
=================
[2020-04-12 16:38:57] Текст ошибки: Страница не найдена | Файл: E:\Software\OpenServer\OSPanel\domains\project.io\vendor\amir\core\Router.php | Строка: 50
=================
[2020-04-12 16:38:57] Текст ошибки: Страница не найдена | Файл: E:\Software\OpenServer\OSPanel\domains\project.io\vendor\amir\core\Router.php | Строка: 50
=================
[2020-04-12 16:38:57] Текст ошибки: Страница не найдена | Файл: E:\Software\OpenServer\OSPanel\domains\project.io\vendor\amir\core\Router.php | Строка: 50
=================
[2020-04-12 16:38:57] Текст ошибки: Страница не найдена | Файл: E:\Software\OpenServer\OSPanel\domains\project.io\vendor\amir\core\Router.php | Строка: 50
=================
[2020-04-12 16:38:57] Текст ошибки: Страница не найдена | Файл: E:\Software\OpenServer\OSPanel\domains\project.io\vendor\amir\core\Router.php | Строка: 50
=================
[2020-04-12 16:38:57] Текст ошибки: Страница не найдена | Файл: E:\Software\OpenServer\OSPanel\domains\project.io\vendor\amir\core\Router.php | Строка: 50
=================
[2020-04-12 16:38:57] Текст ошибки: Страница не найдена | Файл: E:\Software\OpenServer\OSPanel\domains\project.io\vendor\amir\core\Router.php | Строка: 50
=================
[2020-04-12 16:38:57] Текст ошибки: Страница не найдена | Файл: E:\Software\OpenServer\OSPanel\domains\project.io\vendor\amir\core\Router.php | Строка: 50
=================
[2020-04-12 16:38:57] Текст ошибки: Страница не найдена | Файл: E:\Software\OpenServer\OSPanel\domains\project.io\vendor\amir\core\Router.php | Строка: 50
=================
[2020-04-12 16:38:57] Текст ошибки: Страница не найдена | Файл: E:\Software\OpenServer\OSPanel\domains\project.io\vendor\amir\core\Router.php | Строка: 50
=================
[2020-04-12 16:38:57] Текст ошибки: Страница не найдена | Файл: E:\Software\OpenServer\OSPanel\domains\project.io\vendor\amir\core\Router.php | Строка: 50
=================
[2020-04-12 16:38:57] Текст ошибки: Страница не найдена | Файл: E:\Software\OpenServer\OSPanel\domains\project.io\vendor\amir\core\Router.php | Строка: 50
=================
[2020-04-12 16:38:57] Текст ошибки: Страница не найдена | Файл: E:\Software\OpenServer\OSPanel\domains\project.io\vendor\amir\core\Router.php | Строка: 50
=================
[2020-04-12 16:38:57] Текст ошибки: Страница не найдена | Файл: E:\Software\OpenServer\OSPanel\domains\project.io\vendor\amir\core\Router.php | Строка: 50
=================
[2020-04-12 16:38:57] Текст ошибки: Страница не найдена | Файл: E:\Software\OpenServer\OSPanel\domains\project.io\vendor\amir\core\Router.php | Строка: 50
=================
[2020-04-12 16:38:57] Текст ошибки: Страница не найдена | Файл: E:\Software\OpenServer\OSPanel\domains\project.io\vendor\amir\core\Router.php | Строка: 50
=================
[2020-04-12 16:38:57] Текст ошибки: Страница не найдена | Файл: E:\Software\OpenServer\OSPanel\domains\project.io\vendor\amir\core\Router.php | Строка: 50
=================
[2020-04-12 16:38:57] Текст ошибки: Страница не найдена | Файл: E:\Software\OpenServer\OSPanel\domains\project.io\vendor\amir\core\Router.php | Строка: 50
=================
[2020-04-12 16:38:57] Текст ошибки: Страница не найдена | Файл: E:\Software\OpenServer\OSPanel\domains\project.io\vendor\amir\core\Router.php | Строка: 50
=================
[2020-04-12 16:38:57] Текст ошибки: Страница не найдена | Файл: E:\Software\OpenServer\OSPanel\domains\project.io\vendor\amir\core\Router.php | Строка: 50
=================
[2020-04-12 16:38:57] Текст ошибки: Страница не найдена | Файл: E:\Software\OpenServer\OSPanel\domains\project.io\vendor\amir\core\Router.php | Строка: 50
=================
[2020-04-12 16:38:57] Текст ошибки: Страница не найдена | Файл: E:\Software\OpenServer\OSPanel\domains\project.io\vendor\amir\core\Router.php | Строка: 50
=================
[2020-04-12 16:38:57] Текст ошибки: Страница не найдена | Файл: E:\Software\OpenServer\OSPanel\domains\project.io\vendor\amir\core\Router.php | Строка: 50
=================
[2020-04-12 16:38:57] Текст ошибки: Страница не найдена | Файл: E:\Software\OpenServer\OSPanel\domains\project.io\vendor\amir\core\Router.php | Строка: 50
=================
[2020-04-12 16:38:57] Текст ошибки: Страница не найдена | Файл: E:\Software\OpenServer\OSPanel\domains\project.io\vendor\amir\core\Router.php | Строка: 50
=================
[2020-04-12 16:38:57] Текст ошибки: Страница не найдена | Файл: E:\Software\OpenServer\OSPanel\domains\project.io\vendor\amir\core\Router.php | Строка: 50
=================
[2020-04-12 16:38:57] Текст ошибки: Страница не найдена | Файл: E:\Software\OpenServer\OSPanel\domains\project.io\vendor\amir\core\Router.php | Строка: 50
=================
[2020-04-12 16:38:57] Текст ошибки: Страница не найдена | Файл: E:\Software\OpenServer\OSPanel\domains\project.io\vendor\amir\core\Router.php | Строка: 50
=================
[2020-04-12 16:38:57] Текст ошибки: Страница не найдена | Файл: E:\Software\OpenServer\OSPanel\domains\project.io\vendor\amir\core\Router.php | Строка: 50
=================
[2020-04-12 16:38:57] Текст ошибки: Страница не найдена | Файл: E:\Software\OpenServer\OSPanel\domains\project.io\vendor\amir\core\Router.php | Строка: 50
=================
[2020-04-12 16:38:57] Текст ошибки: Страница не найдена | Файл: E:\Software\OpenServer\OSPanel\domains\project.io\vendor\amir\core\Router.php | Строка: 50
=================
[2020-04-12 16:38:57] Текст ошибки: Страница не найдена | Файл: E:\Software\OpenServer\OSPanel\domains\project.io\vendor\amir\core\Router.php | Строка: 50
=================
[2020-04-12 16:38:57] Текст ошибки: Страница не найдена | Файл: E:\Software\OpenServer\OSPanel\domains\project.io\vendor\amir\core\Router.php | Строка: 50
=================
[2020-04-12 16:38:57] Текст ошибки: Страница не найдена | Файл: E:\Software\OpenServer\OSPanel\domains\project.io\vendor\amir\core\Router.php | Строка: 50
=================
[2020-04-12 16:38:57] Текст ошибки: Страница не найдена | Файл: E:\Software\OpenServer\OSPanel\domains\project.io\vendor\amir\core\Router.php | Строка: 50
=================
[2020-04-12 16:38:57] Текст ошибки: Страница не найдена | Файл: E:\Software\OpenServer\OSPanel\domains\project.io\vendor\amir\core\Router.php | Строка: 50
=================
[2020-04-12 16:38:57] Текст ошибки: Страница не найдена | Файл: E:\Software\OpenServer\OSPanel\domains\project.io\vendor\amir\core\Router.php | Строка: 50
=================
[2020-04-12 16:40:24] Текст ошибки: Страница не найдена | Файл: E:\Software\OpenServer\OSPanel\domains\project.io\vendor\amir\core\Router.php | Строка: 50
=================
[2020-04-12 16:48:49] Текст ошибки: Страница не найдена | Файл: E:\Software\OpenServer\OSPanel\domains\project.io\vendor\amir\core\Router.php | Строка: 50
=================
[2020-04-12 16:50:00] Текст ошибки: Страница не найдена | Файл: E:\Software\OpenServer\OSPanel\domains\project.io\vendor\amir\core\Router.php | Строка: 50
=================
[2020-04-12 17:04:00] Текст ошибки: Страница не найдена | Файл: E:\Software\OpenServer\OSPanel\domains\project.io\vendor\amir\core\Router.php | Строка: 50
=================
[2020-04-12 17:04:59] Текст ошибки: Страница не найдена | Файл: E:\Software\OpenServer\OSPanel\domains\project.io\vendor\amir\core\Router.php | Строка: 50
=================
[2020-04-12 17:05:04] Текст ошибки: Страница не найдена | Файл: E:\Software\OpenServer\OSPanel\domains\project.io\vendor\amir\core\Router.php | Строка: 50
=================
[2020-04-12 17:05:04] Текст ошибки: Страница не найдена | Файл: E:\Software\OpenServer\OSPanel\domains\project.io\vendor\amir\core\Router.php | Строка: 50
=================
[2020-04-12 17:05:46] Текст ошибки: Страница не найдена | Файл: E:\Software\OpenServer\OSPanel\domains\project.io\vendor\amir\core\Router.php | Строка: 50
=================
[2020-04-12 17:05:48] Текст ошибки: Страница не найдена | Файл: E:\Software\OpenServer\OSPanel\domains\project.io\vendor\amir\core\Router.php | Строка: 50
=================
[2020-04-12 17:05:57] Текст ошибки: Страница не найдена | Файл: E:\Software\OpenServer\OSPanel\domains\project.io\vendor\amir\core\Router.php | Строка: 50
=================
[2020-04-12 17:06:06] Текст ошибки: Страница не найдена | Файл: E:\Software\OpenServer\OSPanel\domains\project.io\vendor\amir\core\Router.php | Строка: 50
=================
[2020-04-12 17:06:36] Текст ошибки: Страница не найдена | Файл: E:\Software\OpenServer\OSPanel\domains\project.io\vendor\amir\core\Router.php | Строка: 50
=================
[2020-04-12 17:33:58] Текст ошибки: Страница не найдена | Файл: E:\Software\OpenServer\OSPanel\domains\project.io\vendor\amir\core\Router.php | Строка: 50
=================
[2020-04-12 17:45:35] Текст ошибки: syntax error, unexpected '<' | Файл: E:\Software\OpenServer\OSPanel\domains\project.io\app\views\Layouts\watches.php | Строка: 5
=================
[2020-04-12 17:50:27] Текст ошибки: Страница не найдена | Файл: E:\Software\OpenServer\OSPanel\domains\project.io\vendor\amir\core\Router.php | Строка: 50
=================
[2020-04-12 17:51:04] Текст ошибки: Страница не найдена | Файл: E:\Software\OpenServer\OSPanel\domains\project.io\vendor\amir\core\Router.php | Строка: 50
=================
[2020-04-12 17:52:58] Текст ошибки: Страница не найдена | Файл: E:\Software\OpenServer\OSPanel\domains\project.io\vendor\amir\core\Router.php | Строка: 50
=================
